 Logfile created on 2014-01-27 16:59:37 -0600 by logger.rb/41954
I, [2014-01-27T16:59:37.108905 #29732]  INFO -- : Executing: INSERT INTO games(name, min_players, max_players,
                 description, playing_time, in_collection
                 ) VALUES('Shadows Over Camelot', '2',
                          '7', 'Description of game', '45', true)
I, [2014-01-27T17:25:19.975001 #4395]  INFO -- : Executing: DELETE FROM games
I, [2014-01-27T17:25:21.718594 #4395]  INFO -- : Executing: DELETE FROM games
I, [2014-01-27T17:25:22.305446 #4395]  INFO -- : Executing: SELECT id FROM games
I, [2014-01-27T17:25:22.875069 #4395]  INFO -- : Executing: DELETE FROM games
I, [2014-01-27T17:25:25.789199 #4395]  INFO -- : Executing: UPDATE games SET in_collection='false' WHERE name='Shadows Over Camelot'
I, [2014-01-27T17:25:26.551379 #4395]  INFO -- : Executing: SELECT in_collection FROM games WHERE name='Shadows Over Camelot'
I, [2014-01-27T17:25:27.290532 #4395]  INFO -- : Executing: DELETE FROM games
I, [2014-01-27T17:25:32.925786 #4395]  INFO -- : Executing: DELETE FROM games
I, [2014-01-27T17:25:35.265006 #4395]  INFO -- : Executing: DELETE FROM games
I, [2014-01-27T17:25:36.328524 #4395]  INFO -- : Executing: DELETE FROM games
I, [2014-01-27T17:25:38.050013 #4395]  INFO -- : Executing: SELECT name, min_players, max_players, playing_time, description FROM games
I, [2014-01-27T17:25:38.612572 #4395]  INFO -- : Executing: DELETE FROM games
I, [2014-01-27T17:25:42.275685 #4617]  INFO -- : Executing: DELETE FROM games
I, [2014-01-27T17:25:42.889860 #4617]  INFO -- : Executing: DELETE FROM games
I, [2014-01-27T17:25:43.403548 #4617]  INFO -- : Executing: DELETE FROM games
I, [2014-01-27T17:25:43.911125 #4617]  INFO -- : Executing: DELETE FROM games
I, [2014-01-27T17:25:55.196143 #4617]  INFO -- : Executing: DELETE FROM games
I, [2014-01-27T17:25:57.523244 #4617]  INFO -- : Executing: SELECT name, min_players, max_players, playing_time, description FROM games
I, [2014-01-27T17:25:58.319091 #4617]  INFO -- : Executing: DELETE FROM games
I, [2014-01-27T17:26:00.587118 #4617]  INFO -- : Executing: UPDATE games SET in_collection='false' WHERE name='Shadows Over Camelot'
I, [2014-01-27T17:26:01.270719 #4617]  INFO -- : Executing: SELECT in_collection FROM games WHERE name='Shadows Over Camelot'
I, [2014-01-27T17:26:02.232814 #4617]  INFO -- : Executing: DELETE FROM games
I, [2014-01-27T17:26:03.533004 #4617]  INFO -- : Executing: SELECT id FROM games
I, [2014-01-27T17:26:04.322693 #4617]  INFO -- : Executing: DELETE FROM games
I, [2014-01-27T17:26:34.007334 #4953]  INFO -- : Executing: DELETE FROM games
I, [2014-01-27T17:26:34.462747 #4953]  INFO -- : Executing: DELETE FROM games
I, [2014-01-27T17:26:34.944568 #4953]  INFO -- : Executing: DELETE FROM games
I, [2014-01-27T17:26:35.399339 #4953]  INFO -- : Executing: DELETE FROM games
I, [2014-01-27T17:26:35.867778 #4953]  INFO -- : Executing: SELECT name, min_players, max_players, playing_time, description FROM games
I, [2014-01-27T17:26:35.875254 #4953]  INFO -- : Executing: DELETE FROM games
I, [2014-01-27T17:26:36.318147 #4953]  INFO -- : Executing: DELETE FROM games
I, [2014-01-27T17:26:37.031045 #4953]  INFO -- : Executing: UPDATE games SET in_collection='false' WHERE name='Shadows Over Camelot'
I, [2014-01-27T17:26:37.031485 #4953]  INFO -- : Executing: SELECT in_collection FROM games WHERE name='Shadows Over Camelot'
I, [2014-01-27T17:26:37.038987 #4953]  INFO -- : Executing: DELETE FROM games
I, [2014-01-27T17:26:37.211171 #4953]  INFO -- : Executing: DELETE FROM games
I, [2014-01-27T17:26:37.383941 #4953]  INFO -- : Executing: SELECT id FROM games
I, [2014-01-27T17:27:36.675764 #5185]  INFO -- : Executing: DELETE FROM games
I, [2014-01-27T17:27:39.603200 #5185]  INFO -- : Executing: SELECT name, min_players, max_players, playing_time, description FROM games
I, [2014-01-27T17:27:39.616750 #5185]  INFO -- : Executing: DELETE FROM games
I, [2014-01-27T17:27:47.168717 #5185]  INFO -- : Executing: DELETE FROM games
I, [2014-01-27T17:27:47.961043 #5185]  INFO -- : Executing: DELETE FROM games
I, [2014-01-27T17:27:50.372889 #5185]  INFO -- : Executing: DELETE FROM games
I, [2014-01-27T17:27:51.292756 #5185]  INFO -- : Executing: DELETE FROM games
I, [2014-01-27T17:27:52.019972 #5185]  INFO -- : Executing: DELETE FROM games
I, [2014-01-27T17:27:52.884566 #5185]  INFO -- : Executing: SELECT id FROM games
I, [2014-01-27T17:27:52.893408 #5185]  INFO -- : Executing: DELETE FROM games
I, [2014-01-27T17:27:54.022830 #5185]  INFO -- : Executing: UPDATE games SET in_collection='false' WHERE name='Shadows Over Camelot'
I, [2014-01-27T17:27:54.023174 #5185]  INFO -- : Executing: SELECT in_collection FROM games WHERE name='Shadows Over Camelot'
I, [2014-01-27T17:32:37.096922 #6333]  INFO -- : Executing: DELETE FROM games
I, [2014-01-27T17:32:37.578147 #6333]  INFO -- : Executing: DELETE FROM games
I, [2014-01-27T17:32:38.022569 #6333]  INFO -- : Executing: DELETE FROM games
I, [2014-01-27T17:32:38.529283 #6333]  INFO -- : Executing: DELETE FROM games
I, [2014-01-27T17:32:39.039635 #6333]  INFO -- : Executing: SELECT name, min_players, max_players, playing_time, description FROM games
I, [2014-01-27T17:32:39.047244 #6333]  INFO -- : Executing: DELETE FROM games
I, [2014-01-27T17:32:39.455808 #6333]  INFO -- : Executing: DELETE FROM games
I, [2014-01-27T17:32:39.591990 #6333]  INFO -- : Executing: DELETE FROM games
I, [2014-01-27T17:32:39.718300 #6333]  INFO -- : Executing: SELECT id FROM games
I, [2014-01-27T17:32:39.726124 #6333]  INFO -- : Executing: DELETE FROM games
I, [2014-01-27T17:32:40.141851 #6333]  INFO -- : Executing: UPDATE games SET in_collection='false' WHERE name='Shadows Over Camelot'
I, [2014-01-27T17:32:40.142328 #6333]  INFO -- : Executing: SELECT in_collection FROM games WHERE name='Shadows Over Camelot'
I, [2014-01-27T17:34:01.662770 #6682]  INFO -- : Executing: DELETE FROM games
I, [2014-01-27T17:34:02.090158 #6682]  INFO -- : Executing: UPDATE games SET in_collection='false' WHERE name='Shadows Over Camelot'
I, [2014-01-27T17:34:02.090622 #6682]  INFO -- : Executing: SELECT in_collection FROM games WHERE name='Shadows Over Camelot'
I, [2014-01-27T17:34:02.102827 #6682]  INFO -- : Executing: DELETE FROM games
I, [2014-01-27T17:34:02.499987 #6682]  INFO -- : Executing: SELECT name, min_players, max_players, playing_time, description FROM games
I, [2014-01-27T17:34:02.505229 #6682]  INFO -- : Executing: DELETE FROM games
I, [2014-01-27T17:34:02.913042 #6682]  INFO -- : Executing: DELETE FROM games
I, [2014-01-27T17:34:03.329263 #6682]  INFO -- : Executing: DELETE FROM games
I, [2014-01-27T17:34:03.762968 #6682]  INFO -- : Executing: DELETE FROM games
I, [2014-01-27T17:34:04.195790 #6682]  INFO -- : Executing: DELETE FROM games
I, [2014-01-27T17:34:04.326267 #6682]  INFO -- : Executing: DELETE FROM games
I, [2014-01-27T17:34:04.454612 #6682]  INFO -- : Executing: SELECT id FROM games
I, [2014-01-27T17:42:29.941544 #8176]  INFO -- : Executing: DELETE FROM games
I, [2014-01-27T17:42:30.096456 #8176]  INFO -- : Executing: DELETE FROM games
I, [2014-01-27T17:42:30.241780 #8176]  INFO -- : Executing: SELECT id FROM games
I, [2014-01-27T17:42:30.250709 #8176]  INFO -- : Executing: DELETE FROM games
I, [2014-01-27T17:42:30.688285 #8176]  INFO -- : Executing: UPDATE games SET in_collection='false' WHERE name='Shadows Over Camelot'
I, [2014-01-27T17:42:30.688794 #8176]  INFO -- : Executing: SELECT in_collection FROM games WHERE name='Shadows Over Camelot'
I, [2014-01-27T17:42:30.697623 #8176]  INFO -- : Executing: DELETE FROM games
I, [2014-01-27T17:42:31.115731 #8176]  INFO -- : Executing: DELETE FROM games
I, [2014-01-27T17:42:31.533314 #8176]  INFO -- : Executing: DELETE FROM games
I, [2014-01-27T17:42:31.967262 #8176]  INFO -- : Executing: DELETE FROM games
I, [2014-01-27T17:42:32.377344 #8176]  INFO -- : Executing: DELETE FROM games
I, [2014-01-27T17:42:32.785905 #8176]  INFO -- : Executing: SELECT name, min_players, max_players, playing_time, description FROM games
I, [2014-01-27T18:07:00.789191 #11809]  INFO -- : Executing: DELETE FROM games
I, [2014-01-27T18:07:01.211521 #11809]  INFO -- : Executing: DELETE FROM games
I, [2014-01-27T18:07:01.659470 #11809]  INFO -- : Executing: DELETE FROM games
I, [2014-01-27T18:07:02.061409 #11809]  INFO -- : Executing: DELETE FROM games
I, [2014-01-27T18:07:02.493389 #11809]  INFO -- : Executing: DELETE FROM games
I, [2014-01-27T18:07:02.909355 #11809]  INFO -- : Executing: SELECT name, min_players, max_players, playing_time, description FROM games
I, [2014-01-27T18:07:02.916520 #11809]  INFO -- : Executing: DELETE FROM games
I, [2014-01-27T18:07:03.311090 #11809]  INFO -- : Executing: UPDATE games SET in_collection='false' WHERE name='Shadows Over Camelot'
I, [2014-01-27T18:07:03.311328 #11809]  INFO -- : Executing: SELECT in_collection FROM games WHERE name='Shadows Over Camelot'
I, [2014-01-27T18:07:03.318233 #11809]  INFO -- : Executing: DELETE FROM games
I, [2014-01-27T18:07:03.461224 #11809]  INFO -- : Executing: DELETE FROM games
I, [2014-01-27T18:07:03.609559 #11809]  INFO -- : Executing: INSERT INTO games(name, min_players, max_players,
                 description, playing_time, in_collection
                 ) VALUES('Shadows Over Camelot', '2',
                          '7', 'Description of game', '45', 'true')
I, [2014-01-27T18:07:03.609777 #11809]  INFO -- : Executing: INSERT INTO games(name, min_players, max_players,
                 description, playing_time, in_collection
                 ) VALUES('Shadows Over Camelot', '2',
                          '7', 'Description of game', '45', 'true')
I, [2014-01-27T18:07:03.754865 #11809]  INFO -- : Executing: SELECT id FROM games
I, [2014-01-27T18:07:03.762610 #11809]  INFO -- : Executing: DELETE FROM games
I, [2014-01-27T18:07:03.906055 #11809]  INFO -- : Executing: DELETE FROM games
I, [2014-01-27T18:07:04.029401 #11809]  INFO -- : Executing: DELETE FROM games
I, [2014-01-27T18:09:13.647785 #12223]  INFO -- : Executing: DELETE FROM games
I, [2014-01-27T18:09:13.807458 #12223]  INFO -- : Executing: INSERT INTO games(name, min_players, max_players,
                 description, playing_time, in_collection
                 ) VALUES('Shadows Over Camelot', '2',
                          '7', 'Description of game', '45', 'true')
I, [2014-01-27T18:09:13.807664 #12223]  INFO -- : Executing: INSERT INTO games(name, min_players, max_players,
                 description, playing_time, in_collection
                 ) VALUES('Shadows Over Camelot', '2',
                          '7', 'Description of game', '45', 'true')
I, [2014-01-27T18:09:13.941565 #12223]  INFO -- : Executing: SELECT id FROM games
I, [2014-01-27T18:09:55.106672 #12370]  INFO -- : Executing: DELETE FROM games
I, [2014-01-27T18:09:55.256316 #12370]  INFO -- : Executing: INSERT INTO games(name, min_players, max_players,
                 description, playing_time, in_collection
                 ) VALUES('Shadows Over Camelot', '2',
                          '7', 'Description of game', '45', 'true')
I, [2014-01-27T18:09:55.256463 #12370]  INFO -- : Executing: INSERT INTO games(name, min_players, max_players,
                 description, playing_time, in_collection
                 ) VALUES('Shadows Over Camelot', '2',
                          '7', 'Description of game', '45', 'true')
I, [2014-01-27T18:09:55.390692 #12370]  INFO -- : Executing: SELECT id FROM games
I, [2014-01-27T18:09:55.401616 #12370]  INFO -- : Executing: DELETE FROM games
I, [2014-01-27T18:09:55.554597 #12370]  INFO -- : Executing: DELETE FROM games
I, [2014-01-27T18:09:55.699704 #12370]  INFO -- : Executing: DELETE FROM games
I, [2014-01-27T18:10:00.494993 #12448]  INFO -- : Executing: DELETE FROM games
I, [2014-01-27T18:10:00.656475 #12448]  INFO -- : Executing: DELETE FROM games
I, [2014-01-27T18:10:00.792073 #12448]  INFO -- : Executing: INSERT INTO games(name, min_players, max_players,
                 description, playing_time, in_collection
                 ) VALUES('Shadows Over Camelot', '2',
                          '7', 'Description of game', '45', 'true')
I, [2014-01-27T18:10:00.792178 #12448]  INFO -- : Executing: INSERT INTO games(name, min_players, max_players,
                 description, playing_time, in_collection
                 ) VALUES('Shadows Over Camelot', '2',
                          '7', 'Description of game', '45', 'true')
I, [2014-01-27T18:10:00.926619 #12448]  INFO -- : Executing: SELECT id FROM games
I, [2014-01-27T18:10:00.934636 #12448]  INFO -- : Executing: DELETE FROM games
I, [2014-01-27T18:10:01.090565 #12448]  INFO -- : Executing: DELETE FROM games
I, [2014-01-27T18:10:01.248631 #12448]  INFO -- : Executing: DELETE FROM games
I, [2014-01-27T18:10:01.402669 #12448]  INFO -- : Executing: DELETE FROM games
I, [2014-01-27T18:10:01.826069 #12448]  INFO -- : Executing: UPDATE games SET in_collection='false' WHERE name='Shadows Over Camelot'
I, [2014-01-27T18:10:01.826650 #12448]  INFO -- : Executing: SELECT in_collection FROM games WHERE name='Shadows Over Camelot'
I, [2014-01-27T18:10:01.837046 #12448]  INFO -- : Executing: DELETE FROM games
I, [2014-01-27T18:10:02.264595 #12448]  INFO -- : Executing: DELETE FROM games
I, [2014-01-27T18:10:02.673839 #12448]  INFO -- : Executing: DELETE FROM games
I, [2014-01-27T18:10:03.055671 #12448]  INFO -- : Executing: DELETE FROM games
I, [2014-01-27T18:10:03.503681 #12448]  INFO -- : Executing: DELETE FROM games
I, [2014-01-27T18:10:03.935946 #12448]  INFO -- : Executing: SELECT name, min_players, max_players, playing_time, description FROM games
I, [2014-01-27T18:10:25.745499 #12608]  INFO -- : Executing: DELETE FROM games
I, [2014-01-27T18:10:26.188721 #12608]  INFO -- : Executing: DELETE FROM games
I, [2014-01-27T18:10:26.635612 #12608]  INFO -- : Executing: DELETE FROM games
I, [2014-01-27T18:10:27.067661 #12608]  INFO -- : Executing: SELECT name, min_players, max_players, playing_time, description FROM games
I, [2014-01-27T18:10:27.076563 #12608]  INFO -- : Executing: DELETE FROM games
I, [2014-01-27T18:10:27.490417 #12608]  INFO -- : Executing: DELETE FROM games
I, [2014-01-27T18:10:27.938868 #12608]  INFO -- : Executing: DELETE FROM games
I, [2014-01-27T18:10:28.061349 #12608]  INFO -- : Executing: DELETE FROM games
I, [2014-01-27T18:10:28.188490 #12608]  INFO -- : Executing: INSERT INTO games(name, min_players, max_players,
                 description, playing_time, in_collection
                 ) VALUES('Shadows Over Camelot', '2',
                          '7', 'Description of game', '45', 'true')
I, [2014-01-27T18:10:28.188720 #12608]  INFO -- : Executing: INSERT INTO games(name, min_players, max_players,
                 description, playing_time, in_collection
                 ) VALUES('Shadows Over Camelot', '2',
                          '7', 'Description of game', '45', 'true')
I, [2014-01-27T18:10:28.287601 #12608]  INFO -- : Executing: SELECT id FROM games
I, [2014-01-27T18:10:28.295888 #12608]  INFO -- : Executing: DELETE FROM games
I, [2014-01-27T18:10:28.407786 #12608]  INFO -- : Executing: DELETE FROM games
I, [2014-01-27T18:10:28.543688 #12608]  INFO -- : Executing: DELETE FROM games
I, [2014-01-27T18:10:28.710974 #12608]  INFO -- : Executing: DELETE FROM games
I, [2014-01-27T18:10:29.149717 #12608]  INFO -- : Executing: UPDATE games SET in_collection='false' WHERE name='Shadows Over Camelot'
I, [2014-01-27T18:10:29.150126 #12608]  INFO -- : Executing: SELECT in_collection FROM games WHERE name='Shadows Over Camelot'
I, [2014-01-27T18:11:18.847958 #12852]  INFO -- : Executing: DELETE FROM games
I, [2014-01-27T18:11:19.299557 #12852]  INFO -- : Executing: UPDATE games SET in_collection='false' WHERE name='Shadows Over Camelot'
I, [2014-01-27T18:11:19.299802 #12852]  INFO -- : Executing: SELECT in_collection FROM games WHERE name='Shadows Over Camelot'
I, [2014-01-27T18:11:19.308452 #12852]  INFO -- : Executing: DELETE FROM games
I, [2014-01-27T18:11:19.459737 #12852]  INFO -- : Executing: DELETE FROM games
I, [2014-01-27T18:11:19.596382 #12852]  INFO -- : Executing: INSERT INTO games(name, min_players, max_players,
                 description, playing_time, in_collection
                 ) VALUES('Shadows Over Camelot', '2',
                          '7', 'Description of game', '45', 'true')
I, [2014-01-27T18:11:19.596589 #12852]  INFO -- : Executing: INSERT INTO games(name, min_players, max_players,
                 description, playing_time, in_collection
                 ) VALUES('Shadows Over Camelot', '2',
                          '7', 'Description of game', '45', 'true')
I, [2014-01-27T18:11:19.742471 #12852]  INFO -- : Executing: SELECT id FROM games
I, [2014-01-27T18:11:19.751364 #12852]  INFO -- : Executing: DELETE FROM games
I, [2014-01-27T18:11:19.885294 #12852]  INFO -- : Executing: DELETE FROM games
I, [2014-01-27T18:11:20.016471 #12852]  INFO -- : Executing: DELETE FROM games
I, [2014-01-27T18:11:20.151318 #12852]  INFO -- : Executing: DELETE FROM games
I, [2014-01-27T18:11:20.597048 #12852]  INFO -- : Executing: DELETE FROM games
I, [2014-01-27T18:11:21.035295 #12852]  INFO -- : Executing: DELETE FROM games
I, [2014-01-27T18:11:21.435687 #12852]  INFO -- : Executing: DELETE FROM games
I, [2014-01-27T18:11:21.882104 #12852]  INFO -- : Executing: DELETE FROM games
I, [2014-01-27T18:11:22.312549 #12852]  INFO -- : Executing: SELECT name, min_players, max_players, playing_time, description FROM games
I, [2014-01-27T18:11:45.223208 #13015]  INFO -- : Executing: DELETE FROM games
I, [2014-01-27T18:11:45.651028 #13015]  INFO -- : Executing: SELECT name, min_players, max_players, playing_time, description FROM games
I, [2014-01-27T18:11:45.661601 #13015]  INFO -- : Executing: DELETE FROM games
I, [2014-01-27T18:11:46.066433 #13015]  INFO -- : Executing: DELETE FROM games
I, [2014-01-27T18:11:46.466140 #13015]  INFO -- : Executing: DELETE FROM games
I, [2014-01-27T18:11:46.856059 #13015]  INFO -- : Executing: DELETE FROM games
I, [2014-01-27T18:11:47.276672 #13015]  INFO -- : Executing: DELETE FROM games
I, [2014-01-27T18:11:47.704686 #13015]  INFO -- : Executing: UPDATE games SET in_collection='false' WHERE name='Shadows Over Camelot'
I, [2014-01-27T18:11:47.705209 #13015]  INFO -- : Executing: SELECT in_collection FROM games WHERE name='Shadows Over Camelot'
I, [2014-01-27T18:11:58.120957 #13143]  INFO -- : Executing: DELETE FROM games
I, [2014-01-27T18:11:58.558741 #13143]  INFO -- : Executing: UPDATE games SET in_collection='false' WHERE name='Shadows Over Camelot'
I, [2014-01-27T18:11:58.559218 #13143]  INFO -- : Executing: SELECT in_collection FROM games WHERE name='Shadows Over Camelot'
I, [2014-01-27T18:11:58.570857 #13143]  INFO -- : Executing: DELETE FROM games
I, [2014-01-27T18:11:58.705885 #13143]  INFO -- : Executing: DELETE FROM games
I, [2014-01-27T18:11:58.836424 #13143]  INFO -- : Executing: INSERT INTO games(name, min_players, max_players,
                 description, playing_time, in_collection
                 ) VALUES('Shadows Over Camelot', '2',
                          '7', 'Description of game', '45', 'true')
I, [2014-01-27T18:11:58.836695 #13143]  INFO -- : Executing: INSERT INTO games(name, min_players, max_players,
                 description, playing_time, in_collection
                 ) VALUES('Shadows Over Camelot', '2',
                          '7', 'Description of game', '45', 'true')
I, [2014-01-27T18:11:58.959284 #13143]  INFO -- : Executing: SELECT id FROM games
I, [2014-01-27T18:11:58.967234 #13143]  INFO -- : Executing: DELETE FROM games
I, [2014-01-27T18:11:59.124339 #13143]  INFO -- : Executing: DELETE FROM games
I, [2014-01-27T18:11:59.281237 #13143]  INFO -- : Executing: DELETE FROM games
